<?xml version="1.0" encoding="UTF-8"?>
<!-- Generated by org.testng.reporters.JUnitReportReporter -->
<testsuite skipped="0" hostname="saminapc" name="com.crm.qa.testcases.LoginPageTest" tests="3" failures="0" timestamp="2020-04-05T20:14:20 EDT" time="47.616" errors="0">
  <testcase name="loginPageTitleTest" time="13.500" classname="com.crm.qa.testcases.LoginPageTest"/>
  <testcase name="crmLogoimageTest" time="15.777" classname="com.crm.qa.testcases.LoginPageTest"/>
  <testcase name="loginTest" time="18.339" classname="com.crm.qa.testcases.LoginPageTest"/>
</testsuite> <!-- com.crm.qa.testcases.LoginPageTest -->
