<?xml version="1.0" encoding="UTF-8"?>
<!-- Generated by org.testng.reporters.JUnitReportReporter -->
<testsuite skipped="0" hostname="saminapc" name="com.crm.qa.testcases.DealsPageTest" tests="4" failures="0" timestamp="2020-04-05T20:14:20 EDT" time="84.115" errors="0">
  <testcase name="verifyDealLabelTest" time="19.105" classname="com.crm.qa.testcases.DealsPageTest"/>
  <testcase name="createNewDealTest" time="21.322" classname="com.crm.qa.testcases.DealsPageTest"/>
  <testcase name="createNewDealTest" time="21.344" classname="com.crm.qa.testcases.DealsPageTest"/>
  <testcase name="createNewDealTest" time="22.344" classname="com.crm.qa.testcases.DealsPageTest"/>
</testsuite> <!-- com.crm.qa.testcases.DealsPageTest -->
