<?xml version="1.0" encoding="UTF-8"?>
<!-- Generated by org.testng.reporters.JUnitReportReporter -->
<testsuite skipped="0" hostname="saminapc" name="com.crm.qa.testdata.HomePageTest" tests="3" failures="0" timestamp="2020-04-02T21:13:31 EDT" time="50.075" errors="0">
  <testcase name="verifyHomePageTitleTest" time="16.294" classname="com.crm.qa.testdata.HomePageTest"/>
  <testcase name="verifyHomePageUsernameTest" time="16.325" classname="com.crm.qa.testdata.HomePageTest"/>
  <testcase name="verifyContactsLinkTest" time="17.456" classname="com.crm.qa.testdata.HomePageTest"/>
</testsuite> <!-- com.crm.qa.testdata.HomePageTest -->
