<?xml version="1.0" encoding="UTF-8"?>
<!-- Generated by org.testng.reporters.JUnitReportReporter -->
<testsuite skipped="0" hostname="saminapc" name="com.crm.qa.testdata.DealsPageTest" tests="1" failures="0" timestamp="2020-04-03T16:03:14 EDT" time="33.628" errors="0">
  <testcase name="validateNewDealLink" time="33.628" classname="com.crm.qa.testdata.DealsPageTest"/>
</testsuite> <!-- com.crm.qa.testdata.DealsPageTest -->
