<?xml version="1.0" encoding="UTF-8"?>
<!-- Generated by org.testng.reporters.JUnitReportReporter -->
<testsuite skipped="0" hostname="saminapc" name="com.crm.qa.testdata.LoginPageTest" tests="3" failures="0" timestamp="2020-04-02T21:13:31 EDT" time="42.824" errors="0">
  <testcase name="loginPageTitleTest" time="14.398" classname="com.crm.qa.testdata.LoginPageTest"/>
  <testcase name="crmLogoimageTest" time="12.409" classname="com.crm.qa.testdata.LoginPageTest"/>
  <testcase name="loginTest" time="16.017" classname="com.crm.qa.testdata.LoginPageTest"/>
</testsuite> <!-- com.crm.qa.testdata.LoginPageTest -->
